-----------------------------------------------------------------------------------------------------------------------------------
      name:  <unnamed>
       log:  /proj/kohlhepplab/projects/selection_injury/mkdata/log/01_01_mk_working.log
  log type:  text
 opened on:   6 Feb 2025, 10:46:20

. 
. 
. //reshape and structure data for analyses
. * separate the injury and the pay data.
. 
. * first we get all the unique claims
. use 20170803_payworkers_comp/data/anonymized_data_073117, clear

. isid v1

. * check that the following vars are constant within person:
. sort employee_name v1

. foreach var of varlist job_status totalnumberofinjuries original_hire_date civilian_entry_date  job_end_date job_class_title job_
> class jobclassdescription {
  2.         by employee_name : assert `var'==`var'[1]
  3.         di "`var' consistent within employee"
  4. }
job_status consistent within employee
totalnumberofinjuries consistent within employee
original_hire_date consistent within employee
civilian_entry_date consistent within employee
job_end_date consistent within employee
job_class_title consistent within employee
job_class consistent within employee
jobclassdescription consistent within employee

. 
. * they are constant. save out as time employee specific data.
. preserve

. bys employee_name (v1): keep if _n==1
(537,033 observations deleted)

. keep job_status totalnumberofinjuries original_hire_date civilian_entry_date  job_end_date employee_name job_class_title job_clas
> s jobclassdescription

. compress
  (0 bytes saved)

. save data/employee_data, replace
file data/employee_data.dta saved

. restore

. * note that last_update_date and by are also almost constant within person.
. 
. keep employee_name timeofinj  - totalnumberofinjuries doi

. drop dayofweek yearsoldonworkdate yearsatjobonworkdate totalnumberofinjuries quarter jobclass jobclassdescription

. duplicates drop

Duplicates in terms of all variables

(536,927 observations deleted)

. 
. assert !missing(doi) if !missing(timeofinj)

. assert !missing(timeofinj) if !missing(doi)

. assert !missing(natureofinjury) if !missing(doi)

. assert !missing(doi) if !missing(natureofinjury)

. drop if missing(doi)
(491 observations deleted)

. 
. * format expenses.
. destring medpd, replace ignore(",")
medpd: character , removed; replaced as double

. 
. compress
  variable job_status was str19 now str15
  (1,404 bytes saved)

. save data/workers_comp, replace
file data/workers_comp.dta saved

. 
. *** investigate pay data.
. use 20170803_payworkers_comp/data/anonymized_data_073117, clear

. * remove quotes from variation_desc
. gen cleaned_variation_desc= subinstr(variation_desc, `"""',"", .)

. sort employee_name work_date variation_desc v1

. drop timeofinj  - last_update_date yearsatjobonworkdate totalnumberofinjuries doi v1 raword job_class_title job_class jobclassdes
> cription

. duplicates drop 

Duplicates in terms of all variables

(87,005 observations deleted)

. 
. * flag work pay codes based on description - use inputted data
. preserve

. insheet using out/list_var_desc.csv, clear comma
(6 vars, 100 obs)

. drop if missing(variation_desc)
(0 observations deleted)

. rename variation_desc cleaned_variation_desc

. tempfile info

. save `info'
file /work/appscr/statawork/kohlhepp/St2873464.000006 saved as .dta format

. restore

. 
. merge m:1 cleaned_variation_desc using `info'

    Result                      Number of obs
    -----------------------------------------
    Not matched                             0
    Matched                           450,764  (_merge==3)
    -----------------------------------------

. assert _m==3

. drop _m 

. 
. *** generate time buckets - assume normal week is a work week 
. gen cal_week = wofd(dofc(work_date))

. format cal_week %tw 

. 
. gen cal_month = mofd(dofc(work_date))

. format cal_month %tm

. 
. gen cal_year = year(dofc(work_date))

. 
. 
. *** identify large time gaps where there are no records in the time window after 01jan2015.
. gen _date = dofc(work_date)

. gen _period = _date>=d(01jan2015)

. bys employee_name _period (_date): gen _gap = _date-_date[_n-1]
(1,330 missing values generated)

. replace _gap=0 if _gap==.
(1,330 real changes made)

. replace _gap = 0 if _period==0
(82,151 real changes made)

. assert _gap!=.

. bys employee_name (_date): egen maximum_gap_2015 = max(_gap) if _date>=d(01jan2015)
(108,348 missing values generated)

. replace maximum_gap_2015=0 if _date<d(01jan2015)
(108,348 real changes made)

. gsort employee_name -maximum_gap_2015 _date

. by employee_name: replace maximum_gap_2015 = maximum_gap_2015[1]
(107291 real changes made)

. assert !missing(maximum_gap_2015)

. label variable maximum_gap_2015 "Maximum # days between raw pay obs for gaps ending after 01012015"

. *** group all gap periods greater than 31 days.
. gen gap_end = _date if _gap>=31
(450,704 missing values generated)

. bys employee_name work_date (gap_end): assert gap_end==gap_end[1] | gap_end==.

. bys employee_name work_date (gap_end): replace gap_end=gap_end[1]
(7 real changes made)

. drop _period _date _gap

. 
. 
. compress
  variable cal_week was double now int
  variable cal_month was double now int
  variable cal_year was double now int
  variable maximum_gap_2015 was double now int
  variable gap_end was double now int
  (13,522,920 bytes saved)

. save data/pay_data, replace
file data/pay_data.dta saved

. 
. log close
      name:  <unnamed>
       log:  /proj/kohlhepplab/projects/selection_injury/mkdata/log/01_01_mk_working.log
  log type:  text
 closed on:   6 Feb 2025, 10:46:33
-----------------------------------------------------------------------------------------------------------------------------------
